=== Retry Failed Guides: Thu Jun 25 15:36:51 EDT 2026 ===
[Step 1] Building SAT Reading Comprehension Master Guide...
Generating Mega Study Guide for: SAT Writing and Grammar Master Guide...
Generating MEGA guide for: SAT Writing and Grammar Master Guide using Chunking Architecture
Generating Mega Study Guide for: SAT Reading Comprehension Master Guide...
Generating MEGA guide for: SAT Reading Comprehension Master Guide using Chunking Architecture
Searching YouTube for: sat writing and grammar master guide educational tutorial
Searching YouTube for: sat reading comprehension master guide educational tutorial
HTTP Request: POST https://www.youtube.com/youtubei/v1/search?key=AIzaSyAO_FJ2SlqU8Q4STEHLGCilw_Y9_11qcW8 "HTTP/1.1 200 OK"
HTTP Request: POST https://www.youtube.com/youtubei/v1/search?key=AIzaSyAO_FJ2SlqU8Q4STEHLGCilw_Y9_11qcW8 "HTTP/1.1 200 OK"
YouTube Page 1/5...
YouTube Page 1/5...
HTTP Request: POST https://www.youtube.com/youtubei/v1/search?key=AIzaSyAO_FJ2SlqU8Q4STEHLGCilw_Y9_11qcW8 "HTTP/1.1 200 OK"
YouTube Page 2/5...
HTTP Request: POST https://www.youtube.com/youtubei/v1/search?key=AIzaSyAO_FJ2SlqU8Q4STEHLGCilw_Y9_11qcW8 "HTTP/1.1 200 OK"
YouTube Page 2/5...
HTTP Request: POST https://www.youtube.com/youtubei/v1/search?key=AIzaSyAO_FJ2SlqU8Q4STEHLGCilw_Y9_11qcW8 "HTTP/1.1 200 OK"
YouTube Page 3/5...
HTTP Request: POST https://www.youtube.com/youtubei/v1/search?key=AIzaSyAO_FJ2SlqU8Q4STEHLGCilw_Y9_11qcW8 "HTTP/1.1 200 OK"
YouTube Page 3/5...
HTTP Request: POST https://www.youtube.com/youtubei/v1/search?key=AIzaSyAO_FJ2SlqU8Q4STEHLGCilw_Y9_11qcW8 "HTTP/1.1 200 OK"
YouTube Page 4/5...
HTTP Request: POST https://www.youtube.com/youtubei/v1/search?key=AIzaSyAO_FJ2SlqU8Q4STEHLGCilw_Y9_11qcW8 "HTTP/1.1 200 OK"
YouTube Page 4/5...
HTTP Request: POST https://www.youtube.com/youtubei/v1/search?key=AIzaSyAO_FJ2SlqU8Q4STEHLGCilw_Y9_11qcW8 "HTTP/1.1 200 OK"
YouTube Page 5/5...
HTTP Request: POST https://www.youtube.com/youtubei/v1/search?key=AIzaSyAO_FJ2SlqU8Q4STEHLGCilw_Y9_11qcW8 "HTTP/1.1 200 OK"
YouTube Page 5/5...
HTTP Request: POST https://www.youtube.com/youtubei/v1/search?key=AIzaSyAO_FJ2SlqU8Q4STEHLGCilw_Y9_11qcW8 "HTTP/1.1 200 OK"
Searching Web for: sat writing and grammar master guide...
Querying DuckDuckGo: sat writing and grammar master guide tutorial...
response: https://en.wikipedia.org/w/api.php?action=opensearch&profile=fuzzy&limit=1&search=sat%20writing%20and%20grammar%20master%20guide%20tutorial 200
response: https://grokipedia.com/api/typeahead?query=sat+writing+and+grammar+master+guide+tutorial&limit=1 200
response: https://www.mojeek.com/search?q=sat+writing+and+grammar+master+guide+tutorial 200
response: https://yandex.com/search/site/?text=sat+writing+and+grammar+master+guide+tutorial&web=1&searchid=4990848 200
response: https://search.yahoo.com/search;_ylt=7saJWNpkdH_oHe5joSBkCPIu;_ylu=mhbN9jBwVa_WjB9Bzq6LDMxSbl9_ZRimiyCK0UYQJ3eUIUI?p=sat+writing+and+grammar+master+guide+tutorial 200
response: https://www.google.com/search?q=sat+writing+and+grammar+master+guide+tutorial&filter=1&start=0&hl=en-US&lr=lang_en&cr=countryUS 200
response: https://search.brave.com/search?q=sat+writing+and+grammar+master+guide+tutorial&source=web 429
response: https://www.startpage.com/ 200
response: https://www.startpage.com/sp/search 200
HTTP Request: POST https://www.youtube.com/youtubei/v1/search?key=AIzaSyAO_FJ2SlqU8Q4STEHLGCilw_Y9_11qcW8 "HTTP/1.1 200 OK"
Searching Web for: sat reading comprehension master guide...
Querying DuckDuckGo: sat reading comprehension master guide tutorial...
response: https://en.wikipedia.org/w/api.php?action=opensearch&profile=fuzzy&limit=1&search=sat%20reading%20comprehension%20master%20guide%20tutorial 200
response: https://grokipedia.com/api/typeahead?query=sat+reading+comprehension+master+guide+tutorial&limit=1 200
response: https://www.google.com/search?q=sat+reading+comprehension+master+guide+tutorial&filter=1&start=0&hl=en-US&lr=lang_en&cr=countryUS 200
response: https://yandex.com/search/site/?text=sat+reading+comprehension+master+guide+tutorial&web=1&searchid=5656547 200
response: https://www.mojeek.com/search?q=sat+reading+comprehension+master+guide+tutorial 200
HTTP Request: POST https://html.duckduckgo.com/html/ "HTTP/2 202 Accepted"
Querying DuckDuckGo: sat writing and grammar master guide explanation...
response: https://en.wikipedia.org/w/api.php?action=opensearch&profile=fuzzy&limit=1&search=sat%20writing%20and%20grammar%20master%20guide%20explanation 200
response: https://www.startpage.com/ 200
response: https://grokipedia.com/api/typeahead?query=sat+writing+and+grammar+master+guide+explanation&limit=1 200
response: https://search.yahoo.com/search;_ylt=lwmOsWTpm6UaD-fCkzFuDrnq;_ylu=A6i008s-ipB9bgI-MxUCo7HXWfte2DwpSRGLa2Bfz0VnI-M?p=sat+writing+and+grammar+master+guide+explanation 200
response: https://www.startpage.com/sp/search 200
response: https://yandex.com/search/site/?text=sat+writing+and+grammar+master+guide+explanation&web=1&searchid=4571766 200
response: https://www.google.com/search?q=sat+writing+and+grammar+master+guide+explanation&filter=1&start=0&hl=en-US&lr=lang_en&cr=countryUS 200
